2021-10-07 15:36:16,329 — INFO: Cycle Training

2021-10-07 15:36:43,652 — INFO: Cycle 0
2021-10-07 16:23:10,852 — INFO: Cycle Training

2021-10-07 16:23:10,852 — INFO: Cycle Training

2021-10-07 16:23:39,246 — INFO: Cycle 0
2021-10-07 16:23:39,246 — INFO: Cycle 0
2021-10-07 16:25:05,947 — INFO: Cycle Training

2021-10-07 16:25:05,947 — INFO: Cycle Training

2021-10-07 16:25:05,947 — INFO: Cycle Training

2021-10-07 16:25:06,278 — INFO: Cycle 0
2021-10-07 16:25:06,278 — INFO: Cycle 0
2021-10-07 16:25:06,278 — INFO: Cycle 0
2021-10-07 16:31:09,145 — INFO: LSTM Network Median nMSE: 0.09941063088305208
2021-10-07 16:31:09,145 — INFO: LSTM Network Median nMSE: 0.09941063088305208
2021-10-07 16:31:09,145 — INFO: LSTM Network Median nMSE: 0.09941063088305208
2021-10-07 16:31:09,145 — INFO: Dense Network Median nMSE: 0.09865343305135883
2021-10-07 16:31:09,145 — INFO: Dense Network Median nMSE: 0.09865343305135883
2021-10-07 16:31:09,145 — INFO: Dense Network Median nMSE: 0.09865343305135883
2021-10-07 16:31:09,145 — INFO: 

2021-10-07 16:31:09,145 — INFO: 

2021-10-07 16:31:09,145 — INFO: 

2021-10-07 16:31:09,146 — INFO: Cycle 0
2021-10-07 16:31:09,146 — INFO: Cycle 0
2021-10-07 16:31:09,146 — INFO: Cycle 0
2021-10-07 16:37:04,674 — INFO: LSTM Network Median nMSE: 0.09919544775685372
2021-10-07 16:37:04,674 — INFO: LSTM Network Median nMSE: 0.09919544775685372
2021-10-07 16:37:04,674 — INFO: LSTM Network Median nMSE: 0.09919544775685372
2021-10-07 16:37:04,674 — INFO: Dense Network Median nMSE: 0.09835677781016411
2021-10-07 16:37:04,674 — INFO: Dense Network Median nMSE: 0.09835677781016411
2021-10-07 16:37:04,674 — INFO: Dense Network Median nMSE: 0.09835677781016411
2021-10-07 16:37:04,674 — INFO: 

2021-10-07 16:37:04,674 — INFO: 

2021-10-07 16:37:04,674 — INFO: 

2021-10-07 16:37:04,674 — INFO: Cycle 0
2021-10-07 16:37:04,674 — INFO: Cycle 0
2021-10-07 16:37:04,674 — INFO: Cycle 0
2021-10-07 16:38:08,878 — INFO: Cycle Training

2021-10-07 16:38:08,878 — INFO: Cycle Training

2021-10-07 16:38:08,878 — INFO: Cycle Training

2021-10-07 16:38:08,878 — INFO: Cycle Training

2021-10-07 16:38:36,260 — INFO: Cycle 1
2021-10-07 16:38:36,260 — INFO: Cycle 1
2021-10-07 16:38:36,260 — INFO: Cycle 1
2021-10-07 16:38:36,260 — INFO: Cycle 1
